============================================================
RUN UTC: 2026-02-27 18:35:15
BASELINE UTC: 2026-02-27 18:14:29
FX: CAD,EUR,GBP | Parser: lxml
DISCORD: SKIPPED (no NEW in top 3)

--- Division Road ---
https://divisionroadinc.com/collections/footwear/boots?sort_by=created-descending
Target still #1? ✅ YES
1. Stow Boot - 4497 - Leather - Tempesti Ambra Elbamatt Liscio — $765.00
   https://divisionroadinc.com/products/trickers-stow-boot-4497-leather-tempesti-ambra-elbamatt-liscio
2. Western Rockabilly Boot - 11067 - Dr. Sole Split Supergrip - Horween Cognac Shackleton — $795.00
   https://divisionroadinc.com/products/nicks-handmade-boots-western-rockabilly-boot-11067-dr-sole-split-supergrip-horween-cognac-shackleton
3. Hunter Moc - Vibram ASP Neo Lug - Heinen Black — $1,225.00
   https://divisionroadinc.com/products/arch-support-project-hunter-moc-vibram-asp-neo-lug-heinen-black
4. Hunter Moc - Vibram ASP Neo Lug - Heinen Espresso Brown — $1,225.00
   https://divisionroadinc.com/products/arch-support-project-hunter-moc-vibram-asp-neo-lug-heinen-espresso-brown
5. Super Monkey Boot - 5402 - Vibram Morflex - Tempesti Cuoio & Ambra Elbamatt — $765.00
   https://divisionroadinc.com/products/trickers-super-monkey-boot-5402-vibram-morflex-tempesti-cuoio-ambra-elbamatt

--- Brooklyn Clothing ---
https://brooklynclothing.com/collections/boots?grid_list=grid-view&sort_by=created-descending
CAD→USD: 1 CAD = 0.7315 USD (as of 2026-02-27)
1. Service Boot 2040 Horween Natural Cypress — $1,475.00 CAD (~$1,078.93 USD @ 2026-02-27)
   https://brooklynclothing.com/collections/boots/products/service-boot-2040-horween-natural-cypress
2. Service Boot 1035 Aged Bark Chamois — $1,449.00 CAD (~$1,059.91 USD @ 2026-02-27)
   https://brooklynclothing.com/collections/boots/products/service-boot-1035-chamois-aged-bark
3. LK-014 Combat Boots Shinki Hikaku Shell Cordovan Black Ops — $2,250.00 CAD (~$1,645.82 USD @ 2026-02-27)
   https://brooklynclothing.com/collections/boots/products/lk-014-combat-boots-shinki-hikaku-shell-cordovan-black-ops
4. LK-013 Monkey Boots Shinki Hikaku Shell Cordovan Black Ops — $2,250.00 CAD (~$1,645.82 USD @ 2026-02-27)
   https://brooklynclothing.com/collections/boots/products/lk-013-monkey-boots-shinki-hikaku-shell-cordovan-black-ops
5. LK-003 Wabash Engineer Boots Horween Leather CXL Natural Roughout — $1,575.00 CAD (~$1,152.07 USD @ 2026-02-27)
   https://brooklynclothing.com/collections/boots/products/lk-003-wabash-engineer-boots-horween-leather-cxl-natural-roughout

--- Nick’s Ready-to-Ship (10.5D) ---
https://nicksboots.com/collections/ready-to-ship-free-shipping?sort_by=created-descending&filter.p.m.custom.left_boot_length=10.5&filter.p.m.custom.left_boot_width=D
Filtered to 10.5 D.
1. Ridgeline Hiking Boot 10.5 D - Ready To Ship! — $594
   https://nicksboots.com/products/ridgeline-hiking-boot-10-5-d-ready-to-ship
2. Chukka 10.5 D - Ready To Ship! — $515
   https://nicksboots.com/products/chukka-10-5-d-ready-to-ship

--- Iron Heart Germany ---
https://ironheartgermany.com/collections/boots?sort_by=created-descending&filter.p.product_type=Boots
EUR with USD conversion when available.
1. Image showing the WE-7600BRCXL-BRN - WESCO "Mister Lou" Engineer - Brown which is a Boots described by the following info Boots, Footwear, Released, Wesco and sold on the IRON HEART GERMANY online store — €849 EUR (~$1,002.24 USD @ 2026-02-27)
   https://ironheartgermany.com/collections/boots/products/wesco-we-7600brcxl-d-brn-wesco-mister-lou-engineer-d-width-brown?_pos=2&_fid=c3454a0e4&_ss=c
2. Image showing the WE-7600BRCXL-BRN - WESCO "Mister Lou" Engineer - Brown which is a Boots described by the following info Boots, Footwear, Released, Wesco and sold on the IRON HEART GERMANY online store — €849 EUR (~$1,002.24 USD @ 2026-02-27)
   https://ironheartgermany.com/collections/boots/products/wesco-we-7600brcxl-brn-wesco-mister-lou-engineer-brown?_pos=11&_fid=c3454a0e4&_ss=c
3. Image showing the WE-7600BKH-BLK- WESCO "Mister Lou" Engineer Horsehide - Black which is a Boots described by the following info Boots, Footwear, Wesco and sold on the IRON HEART GERMANY online store — €980 EUR (~$1,156.89 USD @ 2026-02-27)
   https://ironheartgermany.com/collections/boots/products/wesco-we-7600bkh-blk-wesco-mister-lou-engineer-horsehide-black?_pos=12&_fid=c3454a0e4&_ss=c
4. Image showing the WE-907CXL-BRN - Wesco Custom Warren Chromexcel - brown which is a Boots described by the following info Boots, Footwear, Wesco and sold on the IRON HEART GERMANY online store — €849 EUR (~$1,002.24 USD @ 2026-02-27)
   https://ironheartgermany.com/collections/boots/products/wesco-we-907cxl-brn-wesco-custom-warren-chromexcel-brown?_pos=14&_fid=c3454a0e4&_ss=c
5. Image showing the WE-207700H-BLK - WESCO Custom Jobmaster Horsehide Black which is a Boots described by the following info Boots, Footwear, Wesco and sold on the IRON HEART GERMANY online store — €989 EUR (~$1,167.51 USD @ 2026-02-27)
   https://ironheartgermany.com/collections/boots/products/wesco-we-207700h-blk-wesco-custom-jobmaster-horsehide-black?_pos=15&_fid=c3454a0e4&_ss=c

--- Iron Heart UK (Wesco) ---
https://ironheart.co.uk/collections/wesco?sort_by=created-descending
GBP with USD conversion when available.
1. Iron Heart Int'l x Wesco® - 8" Jobmaster® Boot - Black CXL. The "Journeyman" — £705 GBP (~$949.74 USD @ 2026-02-27)
   https://ironheart.co.uk/collections/wesco/products/ihwe-jou-blk
2. Iron Heart Int'l x Wesco® 7" Toe Cap Boot - The "Guildsman" - Natural Horsehide — £870 GBP (~$1,172.02 USD @ 2026-02-27)
   https://ironheart.co.uk/collections/wesco/products/ihwe-glmn-nat
3. Iron Heart Int'l x Wesco® - Rough-Out Boot - Burlap. The "Foot Patrol" — £742 GBP (~$999.58 USD @ 2026-02-27)
   https://ironheart.co.uk/collections/wesco/products/ihwe-fp-blp
4. Iron Heart Int'l x Wesco® - 8" Domain Jobmaster® Boot - British Tan. The "Journeyman" — £659 GBP (~$887.77 USD @ 2026-02-27)
   https://ironheart.co.uk/collections/wesco/products/ihwe-jou-tan
5. Iron Heart Int'l x Wesco® 7" Toe Cap Boot - The "Guildsman" - Black Tie Domain — £742 GBP (~$999.58 USD @ 2026-02-27)
   https://ironheart.co.uk/collections/wesco/products/ihwe-glmn-blk
